2024-03-14 09:20:25,635 - INFO - Response from http://vmq-alfrescona-02.alldata.com:8091/monitor:
2024-03-14 09:20:25,636 - INFO - Time elapsed for http://vmq-alfrescona-02.alldata.com:8091/monitor: 0.3 seconds 

2024-03-14 09:20:25,636 - INFO - Everything is working in the http://vmq-alfrescona-02.alldata.com:8091/monitor Monitor
2024-03-14 09:20:25,691 - INFO - Response from http://vmq-alfrescoeu-01.alldata.com:8091/monitor:
2024-03-14 09:20:25,691 - INFO - Time elapsed for http://vmq-alfrescoeu-01.alldata.com:8091/monitor: 0.36 seconds 

2024-03-14 09:20:25,692 - INFO - Everything is working in the http://vmq-alfrescoeu-01.alldata.com:8091/monitor Monitor
2024-03-14 09:20:26,255 - INFO - Response from https://vmq-alfrescona-02.alldata.com:8445/pet/monitor:
2024-03-14 09:20:26,256 - INFO - Time elapsed for https://vmq-alfrescona-02.alldata.com:8445/pet/monitor: 0.92 seconds 

2024-03-14 09:20:26,256 - INFO - Everything is working in the https://vmq-alfrescona-02.alldata.com:8445/pet/monitor Monitor
2024-03-14 09:20:26,514 - INFO - Response from https://vmq-alfrescoeu-01.alldata.com:8446/cpp/monitor:
2024-03-14 09:20:26,514 - INFO - Time elapsed for https://vmq-alfrescoeu-01.alldata.com:8446/cpp/monitor: 1.18 seconds 

2024-03-14 09:20:26,515 - INFO - Everything is working in the https://vmq-alfrescoeu-01.alldata.com:8446/cpp/monitor Monitor
2024-03-14 09:20:28,102 - INFO - Response from https://vmq-alfrescona-02.alldata.com:8446/cpp/monitor:
2024-03-14 09:20:28,103 - INFO - Time elapsed for https://vmq-alfrescona-02.alldata.com:8446/cpp/monitor: 2.77 seconds 

2024-03-14 09:20:32,006 - WARNING - Some services are failing in the https://vmq-alfrescona-02.alldata.com:8446/cpp/monitor Monitor: Solr_Production_EG, Solr_Production_DALLAS
2024-03-14 09:20:32,007 - WARNING - Some of the monitors have services in failure status
2024-03-14 10:23:56,147 - INFO - Response from http://vmq-alfrescoeu-01.alldata.com:8091/monitor:
2024-03-14 10:23:56,147 - INFO - Time elapsed for http://vmq-alfrescoeu-01.alldata.com:8091/monitor: 0.32 seconds 

2024-03-14 10:23:56,148 - INFO - Everything is working in the http://vmq-alfrescoeu-01.alldata.com:8091/monitor Monitor
2024-03-14 10:23:56,753 - INFO - Response from https://vmq-alfrescona-02.alldata.com:8445/pet/monitor:
2024-03-14 10:23:56,755 - INFO - Time elapsed for https://vmq-alfrescona-02.alldata.com:8445/pet/monitor: 0.93 seconds 

2024-03-14 10:23:57,106 - INFO - Response from https://vmq-alfrescoeu-01.alldata.com:8446/cpp/monitor:
2024-03-14 10:23:57,106 - INFO - Time elapsed for https://vmq-alfrescoeu-01.alldata.com:8446/cpp/monitor: 1.28 seconds 

2024-03-14 10:23:57,107 - INFO - Everything is working in the https://vmq-alfrescoeu-01.alldata.com:8446/cpp/monitor Monitor
2024-03-14 10:23:57,122 - INFO - Response from http://vmq-alfrescona-02.alldata.com:8091/monitor:
2024-03-14 10:23:57,122 - INFO - Time elapsed for http://vmq-alfrescona-02.alldata.com:8091/monitor: 1.3 seconds 

2024-03-14 10:23:57,122 - INFO - Everything is working in the http://vmq-alfrescona-02.alldata.com:8091/monitor Monitor
2024-03-14 10:23:58,255 - INFO - Response from https://vmq-alfrescona-02.alldata.com:8446/cpp/monitor:
2024-03-14 10:23:58,255 - INFO - Time elapsed for https://vmq-alfrescona-02.alldata.com:8446/cpp/monitor: 2.43 seconds 

2024-03-14 10:23:58,882 - WARNING - Some services are failing in the https://vmq-alfrescona-02.alldata.com:8445/pet/monitor Monitor: Ontology_Server
2024-03-14 10:23:59,935 - WARNING - Some services are failing in the https://vmq-alfrescona-02.alldata.com:8446/cpp/monitor Monitor: Solr_Production_EG, Solr_Production_DALLAS
2024-03-14 10:23:59,936 - WARNING - Some of the monitors have services in failure status
2024-03-14 10:56:09,333 - INFO - Response from http://vmq-alfrescona-02.alldata.com:8091/monitor:
2024-03-14 10:56:09,346 - INFO - Response from http://vmq-alfrescoeu-01.alldata.com:8091/monitor:
2024-03-14 10:56:09,364 - INFO - Time elapsed for http://vmq-alfrescona-02.alldata.com:8091/monitor: 0.3 seconds 

2024-03-14 10:56:09,364 - INFO - Time elapsed for http://vmq-alfrescoeu-01.alldata.com:8091/monitor: 0.31 seconds 

2024-03-14 10:56:09,365 - INFO - Everything is working in the http://vmq-alfrescona-02.alldata.com:8091/monitor Monitor
2024-03-14 10:56:09,365 - INFO - Everything is working in the http://vmq-alfrescoeu-01.alldata.com:8091/monitor Monitor
2024-03-14 10:56:09,973 - INFO - Response from https://vmq-alfrescona-02.alldata.com:8445/pet/monitor:
2024-03-14 10:56:09,973 - INFO - Time elapsed for https://vmq-alfrescona-02.alldata.com:8445/pet/monitor: 0.94 seconds 

2024-03-14 10:56:09,974 - INFO - Everything is working in the https://vmq-alfrescona-02.alldata.com:8445/pet/monitor Monitor
2024-03-14 10:56:10,289 - INFO - Response from https://vmq-alfrescoeu-01.alldata.com:8446/cpp/monitor:
2024-03-14 10:56:10,290 - INFO - Time elapsed for https://vmq-alfrescoeu-01.alldata.com:8446/cpp/monitor: 1.26 seconds 

2024-03-14 10:56:10,291 - INFO - Everything is working in the https://vmq-alfrescoeu-01.alldata.com:8446/cpp/monitor Monitor
2024-03-14 10:56:11,451 - INFO - Response from https://vmq-alfrescona-02.alldata.com:8446/cpp/monitor:
2024-03-14 10:56:11,452 - INFO - Time elapsed for https://vmq-alfrescona-02.alldata.com:8446/cpp/monitor: 2.42 seconds 

2024-03-14 10:56:13,015 - WARNING - Some services are failing in the https://vmq-alfrescona-02.alldata.com:8446/cpp/monitor Monitor: Solr_Production_EG, Solr_Production_DALLAS
2024-03-14 10:56:13,019 - WARNING - Some of the monitors have services in failure status
2024-03-14 10:57:52,010 - INFO - Response from http://vmq-alfrescoeu-01.alldata.com:8091/monitor:
2024-03-14 10:57:52,011 - INFO - Response from http://vmq-alfrescona-02.alldata.com:8091/monitor:
2024-03-14 10:57:52,059 - INFO - Time elapsed for http://vmq-alfrescoeu-01.alldata.com:8091/monitor: 0.29 seconds 

2024-03-14 10:57:52,059 - INFO - Everything is working in the http://vmq-alfrescoeu-01.alldata.com:8091/monitor Monitor
2024-03-14 10:57:52,059 - INFO - Time elapsed for http://vmq-alfrescona-02.alldata.com:8091/monitor: 0.29 seconds 

2024-03-14 10:57:52,061 - INFO - Everything is working in the http://vmq-alfrescona-02.alldata.com:8091/monitor Monitor
2024-03-14 10:57:52,724 - INFO - Response from https://vmq-alfrescona-02.alldata.com:8445/pet/monitor:
2024-03-14 10:57:52,725 - INFO - Time elapsed for https://vmq-alfrescona-02.alldata.com:8445/pet/monitor: 1.0 seconds 

2024-03-14 10:57:52,726 - INFO - Everything is working in the https://vmq-alfrescona-02.alldata.com:8445/pet/monitor Monitor
2024-03-14 10:57:52,934 - INFO - Response from https://vmq-alfrescoeu-01.alldata.com:8446/cpp/monitor:
2024-03-14 10:57:52,935 - INFO - Time elapsed for https://vmq-alfrescoeu-01.alldata.com:8446/cpp/monitor: 1.22 seconds 

2024-03-14 10:57:52,936 - INFO - Everything is working in the https://vmq-alfrescoeu-01.alldata.com:8446/cpp/monitor Monitor
2024-03-14 10:57:54,564 - INFO - Response from https://vmq-alfrescona-02.alldata.com:8446/cpp/monitor:
2024-03-14 10:57:54,564 - INFO - Time elapsed for https://vmq-alfrescona-02.alldata.com:8446/cpp/monitor: 2.85 seconds 

2024-03-14 10:57:57,804 - WARNING - Some services are failing in the https://vmq-alfrescona-02.alldata.com:8446/cpp/monitor Monitor: Solr_Production_EG, Solr_Production_DALLAS
2024-03-14 10:57:57,805 - WARNING - Some of the monitors have services in failure status
2024-03-14 11:01:17,376 - INFO - Response from http://vmq-alfrescoeu-01.alldata.com:8091/monitor:
2024-03-14 11:01:17,377 - INFO - Time elapsed for http://vmq-alfrescoeu-01.alldata.com:8091/monitor: 0.29 seconds 

2024-03-14 11:01:17,377 - INFO - Response from http://vmq-alfrescona-02.alldata.com:8091/monitor:
2024-03-14 11:01:17,378 - INFO - Everything is working in the http://vmq-alfrescoeu-01.alldata.com:8091/monitor Monitor
2024-03-14 11:01:17,378 - INFO - Time elapsed for http://vmq-alfrescona-02.alldata.com:8091/monitor: 0.29 seconds 

2024-03-14 11:01:17,378 - INFO - Everything is working in the http://vmq-alfrescona-02.alldata.com:8091/monitor Monitor
2024-03-14 11:01:17,986 - INFO - Response from https://vmq-alfrescona-02.alldata.com:8445/pet/monitor:
2024-03-14 11:01:17,987 - INFO - Time elapsed for https://vmq-alfrescona-02.alldata.com:8445/pet/monitor: 0.89 seconds 

2024-03-14 11:01:17,987 - INFO - Everything is working in the https://vmq-alfrescona-02.alldata.com:8445/pet/monitor Monitor
2024-03-14 11:01:18,225 - INFO - Response from https://vmq-alfrescoeu-01.alldata.com:8446/cpp/monitor:
2024-03-14 11:01:18,226 - INFO - Time elapsed for https://vmq-alfrescoeu-01.alldata.com:8446/cpp/monitor: 1.13 seconds 

2024-03-14 11:01:18,226 - INFO - Everything is working in the https://vmq-alfrescoeu-01.alldata.com:8446/cpp/monitor Monitor
2024-03-14 11:01:19,602 - INFO - Response from https://vmq-alfrescona-02.alldata.com:8446/cpp/monitor:
2024-03-14 11:01:19,603 - INFO - Time elapsed for https://vmq-alfrescona-02.alldata.com:8446/cpp/monitor: 2.51 seconds 

2024-03-14 11:01:21,309 - INFO - All the services of all the monitors are working correctly
2024-03-14 11:01:49,170 - INFO - Response from http://vmq-alfrescona-02.alldata.com:8091/monitor:
2024-03-14 11:01:49,184 - INFO - Time elapsed for http://vmq-alfrescona-02.alldata.com:8091/monitor: 0.22 seconds 

2024-03-14 11:01:49,184 - INFO - Everything is working in the http://vmq-alfrescona-02.alldata.com:8091/monitor Monitor
2024-03-14 11:01:49,185 - INFO - Response from http://vmq-alfrescoeu-01.alldata.com:8091/monitor:
2024-03-14 11:01:49,195 - INFO - Time elapsed for http://vmq-alfrescoeu-01.alldata.com:8091/monitor: 0.24 seconds 

2024-03-14 11:01:49,195 - INFO - Everything is working in the http://vmq-alfrescoeu-01.alldata.com:8091/monitor Monitor
2024-03-14 11:01:49,868 - INFO - Response from https://vmq-alfrescona-02.alldata.com:8445/pet/monitor:
2024-03-14 11:01:49,868 - INFO - Time elapsed for https://vmq-alfrescona-02.alldata.com:8445/pet/monitor: 0.92 seconds 

2024-03-14 11:01:49,869 - INFO - Everything is working in the https://vmq-alfrescona-02.alldata.com:8445/pet/monitor Monitor
2024-03-14 11:01:50,147 - INFO - Response from https://vmq-alfrescoeu-01.alldata.com:8446/cpp/monitor:
2024-03-14 11:01:50,148 - INFO - Time elapsed for https://vmq-alfrescoeu-01.alldata.com:8446/cpp/monitor: 1.2 seconds 

2024-03-14 11:01:50,148 - INFO - Everything is working in the https://vmq-alfrescoeu-01.alldata.com:8446/cpp/monitor Monitor
2024-03-14 11:01:51,241 - INFO - Response from https://vmq-alfrescona-02.alldata.com:8446/cpp/monitor:
2024-03-14 11:01:51,243 - INFO - Time elapsed for https://vmq-alfrescona-02.alldata.com:8446/cpp/monitor: 2.3 seconds 

2024-03-14 11:01:52,058 - WARNING - Some services are failing in the https://vmq-alfrescona-02.alldata.com:8446/cpp/monitor Monitor: Solr_Production_EG, Solr_Production_DALLAS
2024-03-14 11:01:52,058 - WARNING - Some of the monitors have services in failure status
2024-03-14 11:09:01,831 - INFO - Response from http://vmq-alfrescona-02.alldata.com:8091/monitor:
2024-03-14 11:09:01,846 - INFO - Time elapsed for http://vmq-alfrescona-02.alldata.com:8091/monitor: 0.27 seconds 

2024-03-14 11:09:01,847 - INFO - Everything is working in the http://vmq-alfrescona-02.alldata.com:8091/monitor Monitor
2024-03-14 11:09:01,848 - INFO - Response from http://vmq-alfrescoeu-01.alldata.com:8091/monitor:
2024-03-14 11:09:01,848 - INFO - Time elapsed for http://vmq-alfrescoeu-01.alldata.com:8091/monitor: 0.28 seconds 

2024-03-14 11:09:01,848 - INFO - Everything is working in the http://vmq-alfrescoeu-01.alldata.com:8091/monitor Monitor
2024-03-14 11:09:02,509 - INFO - Response from https://vmq-alfrescona-02.alldata.com:8445/pet/monitor:
2024-03-14 11:09:02,510 - INFO - Time elapsed for https://vmq-alfrescona-02.alldata.com:8445/pet/monitor: 0.94 seconds 

2024-03-14 11:09:02,511 - INFO - Everything is working in the https://vmq-alfrescona-02.alldata.com:8445/pet/monitor Monitor
2024-03-14 11:09:02,713 - INFO - Response from https://vmq-alfrescoeu-01.alldata.com:8446/cpp/monitor:
2024-03-14 11:09:02,713 - INFO - Time elapsed for https://vmq-alfrescoeu-01.alldata.com:8446/cpp/monitor: 1.15 seconds 

2024-03-14 11:09:02,714 - INFO - Everything is working in the https://vmq-alfrescoeu-01.alldata.com:8446/cpp/monitor Monitor
2024-03-14 11:09:04,101 - INFO - Response from https://vmq-alfrescona-02.alldata.com:8446/cpp/monitor:
2024-03-14 11:09:04,102 - INFO - Time elapsed for https://vmq-alfrescona-02.alldata.com:8446/cpp/monitor: 2.54 seconds 

2024-03-14 11:09:07,948 - WARNING - Some services are failing in the https://vmq-alfrescona-02.alldata.com:8446/cpp/monitor Monitor: Solr_Production_EG, Solr_Production_DALLAS
2024-03-14 11:09:07,957 - WARNING - Some of the monitors have services in failure status
2024-03-14 11:32:18,119 - ERROR - Failed to fetch response from 0: Invalid URL '0': No scheme supplied. Perhaps you meant https://0?
2024-03-14 11:32:18,119 - ERROR - Failed to fetch response from 1: Invalid URL '1': No scheme supplied. Perhaps you meant https://1?
2024-03-14 11:32:18,119 - ERROR - Connection to the servers is down, please verify connection
2024-03-14 11:32:18,120 - ERROR - Connection to the servers is down, please verify connection
2024-03-14 11:32:18,120 - ERROR - Failed to fetch response from 2: Invalid URL '2': No scheme supplied. Perhaps you meant https://2?
2024-03-14 11:32:18,121 - ERROR - Failed to fetch response from 3: Invalid URL '3': No scheme supplied. Perhaps you meant https://3?
2024-03-14 11:32:18,121 - ERROR - Failed to fetch response from 4: Invalid URL '4': No scheme supplied. Perhaps you meant https://4?
2024-03-14 11:32:18,121 - ERROR - Connection to the servers is down, please verify connection
2024-03-14 11:32:18,122 - ERROR - Connection to the servers is down, please verify connection
2024-03-14 11:32:18,122 - ERROR - Connection to the servers is down, please verify connection
2024-03-14 11:32:18,280 - ERROR - One or more connections are down, please verify connection!
2024-03-14 11:32:31,927 - ERROR - Failed to fetch response from 1: Invalid URL '1': No scheme supplied. Perhaps you meant https://1?
2024-03-14 11:32:31,927 - ERROR - Failed to fetch response from 2: Invalid URL '2': No scheme supplied. Perhaps you meant https://2?
2024-03-14 11:32:31,928 - ERROR - Failed to fetch response from 3: Invalid URL '3': No scheme supplied. Perhaps you meant https://3?
2024-03-14 11:32:31,928 - ERROR - Failed to fetch response from 4: Invalid URL '4': No scheme supplied. Perhaps you meant https://4?
2024-03-14 11:32:31,929 - ERROR - Connection to the servers is down, please verify connection
2024-03-14 11:32:31,928 - ERROR - Connection to the servers is down, please verify connection
2024-03-14 11:32:31,928 - ERROR - Connection to the servers is down, please verify connection
2024-03-14 11:32:31,929 - ERROR - Connection to the servers is down, please verify connection
2024-03-14 11:32:31,928 - ERROR - Failed to fetch response from 0: Invalid URL '0': No scheme supplied. Perhaps you meant https://0?
2024-03-14 11:32:31,930 - ERROR - Connection to the servers is down, please verify connection
2024-03-14 11:32:31,960 - ERROR - One or more connections are down, please verify connection!
2024-03-14 11:32:43,716 - ERROR - Failed to fetch response from 0: Invalid URL '0': No scheme supplied. Perhaps you meant https://0?
2024-03-14 11:32:43,717 - ERROR - Failed to fetch response from 1: Invalid URL '1': No scheme supplied. Perhaps you meant https://1?
2024-03-14 11:32:43,717 - ERROR - Connection to the servers is down, please verify connection
2024-03-14 11:32:43,718 - ERROR - Connection to the servers is down, please verify connection
2024-03-14 11:32:43,718 - ERROR - Failed to fetch response from 3: Invalid URL '3': No scheme supplied. Perhaps you meant https://3?
2024-03-14 11:32:43,718 - ERROR - Failed to fetch response from 2: Invalid URL '2': No scheme supplied. Perhaps you meant https://2?
2024-03-14 11:32:43,719 - ERROR - Connection to the servers is down, please verify connection
2024-03-14 11:32:43,719 - ERROR - Connection to the servers is down, please verify connection
2024-03-14 11:32:43,720 - ERROR - Failed to fetch response from 4: Invalid URL '4': No scheme supplied. Perhaps you meant https://4?
2024-03-14 11:32:43,720 - ERROR - Connection to the servers is down, please verify connection
2024-03-14 11:32:43,746 - ERROR - One or more connections are down, please verify connection!
2024-03-14 11:33:10,029 - ERROR - Failed to fetch response from 1: Invalid URL '1': No scheme supplied. Perhaps you meant https://1?
2024-03-14 11:33:10,029 - ERROR - Failed to fetch response from 0: Invalid URL '0': No scheme supplied. Perhaps you meant https://0?
2024-03-14 11:33:10,030 - ERROR - Connection to the servers is down, please verify connection
2024-03-14 11:33:10,030 - ERROR - Failed to fetch response from 2: Invalid URL '2': No scheme supplied. Perhaps you meant https://2?
2024-03-14 11:33:10,030 - ERROR - Connection to the servers is down, please verify connection
2024-03-14 11:33:10,031 - ERROR - Connection to the servers is down, please verify connection
2024-03-14 11:33:10,031 - ERROR - Failed to fetch response from 3: Invalid URL '3': No scheme supplied. Perhaps you meant https://3?
2024-03-14 11:33:10,032 - ERROR - Connection to the servers is down, please verify connection
2024-03-14 11:33:10,033 - ERROR - Failed to fetch response from 4: Invalid URL '4': No scheme supplied. Perhaps you meant https://4?
2024-03-14 11:33:10,033 - ERROR - Connection to the servers is down, please verify connection
2024-03-14 11:33:10,064 - ERROR - One or more connections are down, please verify connection!
2024-03-14 11:33:22,039 - ERROR - Failed to fetch response from 0: Invalid URL '0': No scheme supplied. Perhaps you meant https://0?
2024-03-14 11:33:22,040 - ERROR - Failed to fetch response from 1: Invalid URL '1': No scheme supplied. Perhaps you meant https://1?
2024-03-14 11:33:22,041 - ERROR - Connection to the servers is down, please verify connection
2024-03-14 11:33:22,041 - ERROR - Failed to fetch response from 2: Invalid URL '2': No scheme supplied. Perhaps you meant https://2?
2024-03-14 11:33:22,042 - ERROR - Failed to fetch response from 3: Invalid URL '3': No scheme supplied. Perhaps you meant https://3?
2024-03-14 11:33:22,042 - ERROR - Connection to the servers is down, please verify connection
2024-03-14 11:33:22,043 - ERROR - Connection to the servers is down, please verify connection
2024-03-14 11:33:22,043 - ERROR - Failed to fetch response from 4: Invalid URL '4': No scheme supplied. Perhaps you meant https://4?
2024-03-14 11:33:22,043 - ERROR - Connection to the servers is down, please verify connection
2024-03-14 11:33:22,044 - ERROR - Connection to the servers is down, please verify connection
2024-03-14 11:33:22,045 - ERROR - One or more connections are down, please verify connection!
2024-03-14 11:35:53,480 - INFO - Response from http://vmq-alfrescona-02.alldata.com:8091/monitor:
2024-03-14 11:35:53,498 - INFO - Time elapsed for http://vmq-alfrescona-02.alldata.com:8091/monitor: 0.29 seconds 

2024-03-14 11:35:53,499 - INFO - Everything is working in the http://vmq-alfrescona-02.alldata.com:8091/monitor Monitor
2024-03-14 11:35:53,500 - INFO - Response from http://vmq-alfrescoeu-01.alldata.com:8091/monitor:
2024-03-14 11:35:53,501 - INFO - Time elapsed for http://vmq-alfrescoeu-01.alldata.com:8091/monitor: 0.31 seconds 

2024-03-14 11:35:53,501 - INFO - Everything is working in the http://vmq-alfrescoeu-01.alldata.com:8091/monitor Monitor
2024-03-14 11:35:54,384 - INFO - Response from https://vmq-alfrescoeu-01.alldata.com:8446/cpp/monitor:
2024-03-14 11:35:54,384 - INFO - Time elapsed for https://vmq-alfrescoeu-01.alldata.com:8446/cpp/monitor: 1.2 seconds 

2024-03-14 11:35:54,385 - INFO - Everything is working in the https://vmq-alfrescoeu-01.alldata.com:8446/cpp/monitor Monitor
2024-03-14 11:35:54,998 - INFO - Response from https://vmq-alfrescona-02.alldata.com:8445/pet/monitor:
2024-03-14 11:35:54,999 - INFO - Time elapsed for https://vmq-alfrescona-02.alldata.com:8445/pet/monitor: 1.81 seconds 

2024-03-14 11:35:54,999 - INFO - Everything is working in the https://vmq-alfrescona-02.alldata.com:8445/pet/monitor Monitor
2024-03-14 11:35:55,906 - INFO - Response from https://vmq-alfrescona-02.alldata.com:8446/cpp/monitor:
2024-03-14 11:35:55,906 - INFO - Time elapsed for https://vmq-alfrescona-02.alldata.com:8446/cpp/monitor: 2.73 seconds 

2024-03-14 11:35:57,720 - WARNING - Some services are failing in the https://vmq-alfrescona-02.alldata.com:8446/cpp/monitor Monitor: Solr_Production_EG, Solr_Production_DALLAS
2024-03-14 11:35:57,722 - WARNING - Some of the monitors have services in failure status
2024-03-14 11:38:22,581 - INFO - Response from http://vmq-alfrescona-02.alldata.com:8091/monitor:
2024-03-14 11:38:22,603 - INFO - Time elapsed for http://vmq-alfrescona-02.alldata.com:8091/monitor: 0.33 seconds 

2024-03-14 11:38:22,603 - INFO - Response from http://vmq-alfrescoeu-01.alldata.com:8091/monitor:
2024-03-14 11:38:22,603 - INFO - Everything is working in the http://vmq-alfrescona-02.alldata.com:8091/monitor Monitor
2024-03-14 11:38:22,604 - INFO - Time elapsed for http://vmq-alfrescoeu-01.alldata.com:8091/monitor: 0.34 seconds 

2024-03-14 11:38:22,604 - INFO - Everything is working in the http://vmq-alfrescoeu-01.alldata.com:8091/monitor Monitor
2024-03-14 11:38:23,491 - INFO - Response from https://vmq-alfrescoeu-01.alldata.com:8446/cpp/monitor:
2024-03-14 11:38:23,491 - INFO - Time elapsed for https://vmq-alfrescoeu-01.alldata.com:8446/cpp/monitor: 1.24 seconds 

2024-03-14 11:38:23,492 - INFO - Everything is working in the https://vmq-alfrescoeu-01.alldata.com:8446/cpp/monitor Monitor
2024-03-14 11:38:24,113 - INFO - Response from https://vmq-alfrescona-02.alldata.com:8445/pet/monitor:
2024-03-14 11:38:24,113 - INFO - Time elapsed for https://vmq-alfrescona-02.alldata.com:8445/pet/monitor: 1.85 seconds 

2024-03-14 11:38:24,115 - INFO - Everything is working in the https://vmq-alfrescona-02.alldata.com:8445/pet/monitor Monitor
2024-03-14 11:38:25,013 - INFO - Response from https://vmq-alfrescona-02.alldata.com:8446/cpp/monitor:
2024-03-14 11:38:25,013 - INFO - Time elapsed for https://vmq-alfrescona-02.alldata.com:8446/cpp/monitor: 2.77 seconds 

2024-03-14 11:38:27,169 - WARNING - Some services are failing in the https://vmq-alfrescona-02.alldata.com:8446/cpp/monitor Monitor: Solr_Production_EG, Solr_Production_DALLAS
2024-03-14 11:38:27,170 - WARNING - Some of the monitors have services in failure status
2024-03-14 11:40:23,466 - INFO - Response from http://vmq-alfrescoeu-01.alldata.com:8091/monitor:
2024-03-14 11:40:23,466 - INFO - Response from http://vmq-alfrescona-02.alldata.com:8091/monitor:
2024-03-14 11:40:23,467 - INFO - Time elapsed for http://vmq-alfrescoeu-01.alldata.com:8091/monitor: 0.28 seconds 

2024-03-14 11:40:23,467 - INFO - Everything is working in the http://vmq-alfrescoeu-01.alldata.com:8091/monitor Monitor
2024-03-14 11:40:23,467 - INFO - Time elapsed for http://vmq-alfrescona-02.alldata.com:8091/monitor: 0.28 seconds 

2024-03-14 11:40:23,467 - INFO - Everything is working in the http://vmq-alfrescona-02.alldata.com:8091/monitor Monitor
2024-03-14 11:40:24,114 - INFO - Response from https://vmq-alfrescona-02.alldata.com:8445/pet/monitor:
2024-03-14 11:40:24,114 - INFO - Time elapsed for https://vmq-alfrescona-02.alldata.com:8445/pet/monitor: 0.93 seconds 

2024-03-14 11:40:24,115 - INFO - Everything is working in the https://vmq-alfrescona-02.alldata.com:8445/pet/monitor Monitor
2024-03-14 11:40:24,413 - INFO - Response from https://vmq-alfrescoeu-01.alldata.com:8446/cpp/monitor:
2024-03-14 11:40:24,414 - INFO - Time elapsed for https://vmq-alfrescoeu-01.alldata.com:8446/cpp/monitor: 1.23 seconds 

2024-03-14 11:40:24,414 - INFO - Everything is working in the https://vmq-alfrescoeu-01.alldata.com:8446/cpp/monitor Monitor
2024-03-14 11:40:25,941 - INFO - Response from https://vmq-alfrescona-02.alldata.com:8446/cpp/monitor:
2024-03-14 11:40:25,942 - INFO - Time elapsed for https://vmq-alfrescona-02.alldata.com:8446/cpp/monitor: 2.76 seconds 

2024-03-14 11:40:27,880 - WARNING - Some services are failing in the https://vmq-alfrescona-02.alldata.com:8446/cpp/monitor Monitor: Solr_Production_EG, Solr_Production_DALLAS
2024-03-14 11:40:27,882 - WARNING - Some of the monitors have services in failure status
2024-03-14 12:00:22,892 - INFO - Response from http://vmq-alfrescoeu-01.alldata.com:8091/monitor:
2024-03-14 12:00:22,892 - INFO - Time elapsed for http://vmq-alfrescoeu-01.alldata.com:8091/monitor: 0.28 seconds 

2024-03-14 12:00:22,892 - INFO - Everything is working in the http://vmq-alfrescoeu-01.alldata.com:8091/monitor Monitor
2024-03-14 12:00:22,894 - INFO - Response from http://vmq-alfrescona-02.alldata.com:8091/monitor:
2024-03-14 12:00:22,894 - INFO - Time elapsed for http://vmq-alfrescona-02.alldata.com:8091/monitor: 0.29 seconds 

2024-03-14 12:00:22,895 - INFO - Everything is working in the http://vmq-alfrescona-02.alldata.com:8091/monitor Monitor
2024-03-14 12:00:23,563 - INFO - Response from https://vmq-alfrescona-02.alldata.com:8445/pet/monitor:
2024-03-14 12:00:23,564 - INFO - Time elapsed for https://vmq-alfrescona-02.alldata.com:8445/pet/monitor: 0.95 seconds 

2024-03-14 12:00:23,565 - INFO - Everything is working in the https://vmq-alfrescona-02.alldata.com:8445/pet/monitor Monitor
2024-03-14 12:00:23,877 - INFO - Response from https://vmq-alfrescoeu-01.alldata.com:8446/cpp/monitor:
2024-03-14 12:00:23,877 - INFO - Time elapsed for https://vmq-alfrescoeu-01.alldata.com:8446/cpp/monitor: 1.27 seconds 

2024-03-14 12:00:23,878 - INFO - Everything is working in the https://vmq-alfrescoeu-01.alldata.com:8446/cpp/monitor Monitor
2024-03-14 12:00:25,247 - INFO - Response from https://vmq-alfrescona-02.alldata.com:8446/cpp/monitor:
2024-03-14 12:00:25,248 - INFO - Time elapsed for https://vmq-alfrescona-02.alldata.com:8446/cpp/monitor: 2.64 seconds 

2024-03-14 12:00:27,878 - WARNING - Some services are failing in the https://vmq-alfrescona-02.alldata.com:8446/cpp/monitor Monitor: Solr_Production_EG, Solr_Production_DALLAS
2024-03-14 12:00:43,291 - INFO - Response from http://vmq-alfrescoeu-01.alldata.com:8091/monitor:
2024-03-14 12:00:43,292 - INFO - Response from http://vmq-alfrescona-02.alldata.com:8091/monitor:
2024-03-14 12:00:43,293 - INFO - Time elapsed for http://vmq-alfrescoeu-01.alldata.com:8091/monitor: 0.27 seconds 

2024-03-14 12:00:43,293 - INFO - Everything is working in the http://vmq-alfrescoeu-01.alldata.com:8091/monitor Monitor
2024-03-14 12:00:43,293 - INFO - Time elapsed for http://vmq-alfrescona-02.alldata.com:8091/monitor: 0.27 seconds 

2024-03-14 12:00:43,293 - INFO - Everything is working in the http://vmq-alfrescona-02.alldata.com:8091/monitor Monitor
2024-03-14 12:00:43,857 - INFO - Response from https://vmq-alfrescona-02.alldata.com:8445/pet/monitor:
2024-03-14 12:00:43,858 - INFO - Time elapsed for https://vmq-alfrescona-02.alldata.com:8445/pet/monitor: 0.83 seconds 

2024-03-14 12:00:43,858 - INFO - Everything is working in the https://vmq-alfrescona-02.alldata.com:8445/pet/monitor Monitor
2024-03-14 12:00:44,255 - INFO - Response from https://vmq-alfrescoeu-01.alldata.com:8446/cpp/monitor:
2024-03-14 12:00:44,256 - INFO - Time elapsed for https://vmq-alfrescoeu-01.alldata.com:8446/cpp/monitor: 1.23 seconds 

2024-03-14 12:00:44,256 - INFO - Everything is working in the https://vmq-alfrescoeu-01.alldata.com:8446/cpp/monitor Monitor
2024-03-14 12:00:45,224 - INFO - Response from https://vmq-alfrescona-02.alldata.com:8446/cpp/monitor:
2024-03-14 12:00:45,224 - INFO - Time elapsed for https://vmq-alfrescona-02.alldata.com:8446/cpp/monitor: 2.2 seconds 

2024-03-14 12:00:45,225 - WARNING - Some services are failing in the https://vmq-alfrescona-02.alldata.com:8446/cpp/monitor Monitor: Solr_Production_EG, Solr_Production_DALLAS
2024-03-14 12:00:45,225 - WARNING - Some of the monitors have services in failure status
2024-03-14 12:01:51,548 - INFO - Response from http://vmq-alfrescoeu-01.alldata.com:8091/monitor:
2024-03-14 12:01:51,570 - INFO - Response from http://vmq-alfrescona-02.alldata.com:8091/monitor:
2024-03-14 12:01:51,571 - INFO - Time elapsed for http://vmq-alfrescoeu-01.alldata.com:8091/monitor: 0.33 seconds 

2024-03-14 12:01:51,571 - INFO - Time elapsed for http://vmq-alfrescona-02.alldata.com:8091/monitor: 0.35 seconds 

2024-03-14 12:01:51,571 - INFO - Everything is working in the http://vmq-alfrescoeu-01.alldata.com:8091/monitor Monitor
2024-03-14 12:01:51,572 - INFO - Everything is working in the http://vmq-alfrescona-02.alldata.com:8091/monitor Monitor
2024-03-14 12:01:52,233 - INFO - Response from https://vmq-alfrescona-02.alldata.com:8445/pet/monitor:
2024-03-14 12:01:52,234 - INFO - Time elapsed for https://vmq-alfrescona-02.alldata.com:8445/pet/monitor: 1.02 seconds 

2024-03-14 12:01:52,235 - INFO - Everything is working in the https://vmq-alfrescona-02.alldata.com:8445/pet/monitor Monitor
2024-03-14 12:01:52,528 - INFO - Response from https://vmq-alfrescoeu-01.alldata.com:8446/cpp/monitor:
2024-03-14 12:01:52,529 - INFO - Time elapsed for https://vmq-alfrescoeu-01.alldata.com:8446/cpp/monitor: 1.31 seconds 

2024-03-14 12:01:52,531 - INFO - Everything is working in the https://vmq-alfrescoeu-01.alldata.com:8446/cpp/monitor Monitor
2024-03-14 12:01:53,583 - INFO - Response from https://vmq-alfrescona-02.alldata.com:8446/cpp/monitor:
2024-03-14 12:01:53,584 - INFO - Time elapsed for https://vmq-alfrescona-02.alldata.com:8446/cpp/monitor: 2.37 seconds 

2024-03-14 12:01:53,587 - WARNING - Some services are failing in the https://vmq-alfrescona-02.alldata.com:8446/cpp/monitor Monitor: Solr_Production_EG, Solr_Production_DALLAS
2024-03-14 12:01:53,587 - WARNING - Some of the monitors have services in failure status
2024-03-14 14:48:12,734 - INFO - Response from http://vmq-alfrescoeu-01.alldata.com:8091/monitor:
2024-03-14 14:48:12,734 - INFO - Response from http://vmq-alfrescona-02.alldata.com:8091/monitor:
2024-03-14 14:48:12,753 - INFO - Time elapsed for http://vmq-alfrescoeu-01.alldata.com:8091/monitor: 0.34 seconds 

2024-03-14 14:48:12,754 - INFO - Time elapsed for http://vmq-alfrescona-02.alldata.com:8091/monitor: 0.34 seconds 

2024-03-14 14:48:12,755 - INFO - Everything is working in the http://vmq-alfrescona-02.alldata.com:8091/monitor Monitor
2024-03-14 14:48:12,755 - INFO - Everything is working in the http://vmq-alfrescoeu-01.alldata.com:8091/monitor Monitor
2024-03-14 14:48:13,411 - INFO - Response from https://vmq-alfrescona-02.alldata.com:8445/pet/monitor:
2024-03-14 14:48:13,411 - INFO - Time elapsed for https://vmq-alfrescona-02.alldata.com:8445/pet/monitor: 1.02 seconds 

2024-03-14 14:48:13,412 - INFO - Everything is working in the https://vmq-alfrescona-02.alldata.com:8445/pet/monitor Monitor
2024-03-14 14:48:13,594 - INFO - Response from https://vmq-alfrescoeu-01.alldata.com:8446/cpp/monitor:
2024-03-14 14:48:13,594 - INFO - Time elapsed for https://vmq-alfrescoeu-01.alldata.com:8446/cpp/monitor: 1.2 seconds 

2024-03-14 14:48:13,596 - INFO - Everything is working in the https://vmq-alfrescoeu-01.alldata.com:8446/cpp/monitor Monitor
2024-03-14 14:48:14,691 - INFO - Response from https://vmq-alfrescona-02.alldata.com:8446/cpp/monitor:
2024-03-14 14:48:14,692 - INFO - Time elapsed for https://vmq-alfrescona-02.alldata.com:8446/cpp/monitor: 2.3 seconds 

2024-03-14 14:48:14,693 - WARNING - Some services are failing in the https://vmq-alfrescona-02.alldata.com:8446/cpp/monitor Monitor: Solr_Production_EG, Solr_Production_DALLAS
2024-03-14 14:48:14,693 - WARNING - Some of the monitors have services in failure status
2024-03-14 14:49:34,035 - INFO - Response from http://vmq-alfrescona-02.alldata.com:8091/monitor:
2024-03-14 14:49:34,099 - INFO - Time elapsed for http://vmq-alfrescona-02.alldata.com:8091/monitor: 0.37 seconds 

2024-03-14 14:49:34,100 - INFO - Response from http://vmq-alfrescoeu-01.alldata.com:8091/monitor:
2024-03-14 14:49:34,101 - INFO - Everything is working in the http://vmq-alfrescona-02.alldata.com:8091/monitor Monitor
2024-03-14 14:49:34,243 - INFO - Time elapsed for http://vmq-alfrescoeu-01.alldata.com:8091/monitor: 0.44 seconds 

2024-03-14 14:49:34,244 - INFO - Everything is working in the http://vmq-alfrescoeu-01.alldata.com:8091/monitor Monitor
2024-03-14 14:49:34,880 - INFO - Response from https://vmq-alfrescona-02.alldata.com:8445/pet/monitor:
2024-03-14 14:49:34,922 - INFO - Time elapsed for https://vmq-alfrescona-02.alldata.com:8445/pet/monitor: 1.22 seconds 

2024-03-14 14:49:34,924 - INFO - Everything is working in the https://vmq-alfrescona-02.alldata.com:8445/pet/monitor Monitor
2024-03-14 14:49:34,981 - INFO - Response from https://vmq-alfrescoeu-01.alldata.com:8446/cpp/monitor:
2024-03-14 14:49:34,982 - INFO - Time elapsed for https://vmq-alfrescoeu-01.alldata.com:8446/cpp/monitor: 1.32 seconds 

2024-03-14 14:49:34,985 - INFO - Everything is working in the https://vmq-alfrescoeu-01.alldata.com:8446/cpp/monitor Monitor
2024-03-14 14:49:36,306 - INFO - Response from https://vmq-alfrescona-02.alldata.com:8446/cpp/monitor:
2024-03-14 14:49:36,309 - INFO - Time elapsed for https://vmq-alfrescona-02.alldata.com:8446/cpp/monitor: 2.65 seconds 

2024-03-14 14:49:36,315 - WARNING - Some services are failing in the https://vmq-alfrescona-02.alldata.com:8446/cpp/monitor Monitor: Solr_Production_EG, Solr_Production_DALLAS
2024-03-14 14:49:36,315 - WARNING - Some of the monitors have services in failure status
2024-03-14 14:49:36,321 - INFO - 127.0.0.1 - - [14/Mar/2024 14:49:36] "GET /run HTTP/1.1" 200 -
2024-03-14 14:51:14,967 - INFO -  * Detected change in 'C:\\Users\\rherrera\\Desktop\\Code\\Python\\Monitors\\monitor_watcher.py', reloading
2024-03-14 14:51:22,959 - INFO - Response from http://vmq-alfrescoeu-01.alldata.com:8091/monitor:
2024-03-14 14:51:22,960 - INFO - Response from http://vmq-alfrescona-02.alldata.com:8091/monitor:
2024-03-14 14:51:23,044 - INFO - Time elapsed for http://vmq-alfrescoeu-01.alldata.com:8091/monitor: 0.35 seconds 

2024-03-14 14:51:23,123 - INFO - Time elapsed for http://vmq-alfrescona-02.alldata.com:8091/monitor: 0.35 seconds 

2024-03-14 14:51:23,124 - INFO - Everything is working in the http://vmq-alfrescoeu-01.alldata.com:8091/monitor Monitor
2024-03-14 14:51:23,124 - INFO - Everything is working in the http://vmq-alfrescona-02.alldata.com:8091/monitor Monitor
2024-03-14 14:51:23,748 - INFO - Response from https://vmq-alfrescona-02.alldata.com:8445/pet/monitor:
2024-03-14 14:51:23,748 - INFO - Time elapsed for https://vmq-alfrescona-02.alldata.com:8445/pet/monitor: 1.13 seconds 

2024-03-14 14:51:23,751 - INFO - Everything is working in the https://vmq-alfrescona-02.alldata.com:8445/pet/monitor Monitor
2024-03-14 14:51:23,947 - INFO - Response from https://vmq-alfrescoeu-01.alldata.com:8446/cpp/monitor:
2024-03-14 14:51:23,947 - INFO - Time elapsed for https://vmq-alfrescoeu-01.alldata.com:8446/cpp/monitor: 1.34 seconds 

2024-03-14 14:51:23,949 - INFO - Everything is working in the https://vmq-alfrescoeu-01.alldata.com:8446/cpp/monitor Monitor
2024-03-14 14:51:25,458 - INFO - Response from https://vmq-alfrescona-02.alldata.com:8446/cpp/monitor:
2024-03-14 14:51:25,459 - INFO - Time elapsed for https://vmq-alfrescona-02.alldata.com:8446/cpp/monitor: 2.85 seconds 

2024-03-14 14:51:25,462 - WARNING - Some services are failing in the https://vmq-alfrescona-02.alldata.com:8446/cpp/monitor Monitor: Solr_Production_EG, Solr_Production_DALLAS
2024-03-14 14:51:25,462 - WARNING - Some of the monitors have services in failure status
2024-03-14 14:51:25,464 - INFO - 127.0.0.1 - - [14/Mar/2024 14:51:25] "GET /run HTTP/1.1" 200 -
2024-03-14 14:51:41,797 - INFO -  * Detected change in 'C:\\Users\\rherrera\\Desktop\\Code\\Python\\Monitors\\monitor_watcher.py', reloading
2024-03-14 14:51:46,766 - INFO - Response from http://vmq-alfrescoeu-01.alldata.com:8091/monitor:
2024-03-14 14:51:46,767 - INFO - Response from http://vmq-alfrescona-02.alldata.com:8091/monitor:
2024-03-14 14:51:46,807 - INFO - Time elapsed for http://vmq-alfrescoeu-01.alldata.com:8091/monitor: 0.46 seconds 

2024-03-14 14:51:46,809 - INFO - Everything is working in the http://vmq-alfrescoeu-01.alldata.com:8091/monitor Monitor
2024-03-14 14:51:46,809 - INFO - Time elapsed for http://vmq-alfrescona-02.alldata.com:8091/monitor: 0.46 seconds 

2024-03-14 14:51:46,810 - INFO - Everything is working in the http://vmq-alfrescona-02.alldata.com:8091/monitor Monitor
2024-03-14 14:51:47,442 - INFO - Response from https://vmq-alfrescona-02.alldata.com:8445/pet/monitor:
2024-03-14 14:51:47,442 - INFO - Time elapsed for https://vmq-alfrescona-02.alldata.com:8445/pet/monitor: 1.13 seconds 

2024-03-14 14:51:47,444 - INFO - Everything is working in the https://vmq-alfrescona-02.alldata.com:8445/pet/monitor Monitor
2024-03-14 14:51:47,649 - INFO - Response from https://vmq-alfrescoeu-01.alldata.com:8446/cpp/monitor:
2024-03-14 14:51:47,649 - INFO - Time elapsed for https://vmq-alfrescoeu-01.alldata.com:8446/cpp/monitor: 1.34 seconds 

2024-03-14 14:51:47,651 - INFO - Everything is working in the https://vmq-alfrescoeu-01.alldata.com:8446/cpp/monitor Monitor
2024-03-14 14:51:48,702 - INFO - Response from https://vmq-alfrescona-02.alldata.com:8446/cpp/monitor:
2024-03-14 14:51:48,702 - INFO - Time elapsed for https://vmq-alfrescona-02.alldata.com:8446/cpp/monitor: 2.39 seconds 

2024-03-14 14:51:48,704 - WARNING - Some services are failing in the https://vmq-alfrescona-02.alldata.com:8446/cpp/monitor Monitor: Solr_Production_EG, Solr_Production_DALLAS
2024-03-14 14:51:48,704 - WARNING - Some of the monitors have services in failure status
2024-03-14 14:51:48,706 - INFO - 127.0.0.1 - - [14/Mar/2024 14:51:48] "GET /run HTTP/1.1" 200 -
2024-03-14 14:53:22,219 - INFO -  * Detected change in 'C:\\Users\\rherrera\\Desktop\\Code\\Python\\Monitors\\monitor_watcher.py', reloading
2024-03-14 14:55:00,118 - INFO - 127.0.0.1 - - [14/Mar/2024 14:55:00] "[35m[1mGET /run/cpp HTTP/1.1[0m" 500 -
2024-03-14 14:55:08,100 - INFO -  * Detected change in 'C:\\Users\\rherrera\\Desktop\\Code\\Python\\Monitors\\monitor_watcher.py', reloading
2024-03-14 14:55:11,262 - INFO - Response from http://vmq-alfrescoeu-01.alldata.com:8091/monitor:
2024-03-14 14:55:11,336 - INFO - Response from http://vmq-alfrescona-02.alldata.com:8091/monitor:
2024-03-14 14:55:11,337 - INFO - Time elapsed for http://vmq-alfrescoeu-01.alldata.com:8091/monitor: 0.44 seconds 

2024-03-14 14:55:11,338 - INFO - Time elapsed for http://vmq-alfrescona-02.alldata.com:8091/monitor: 0.51 seconds 

2024-03-14 14:55:11,340 - INFO - Everything is working in the http://vmq-alfrescoeu-01.alldata.com:8091/monitor Monitor
2024-03-14 14:55:11,340 - INFO - Everything is working in the http://vmq-alfrescona-02.alldata.com:8091/monitor Monitor
2024-03-14 14:55:12,017 - INFO - Response from https://vmq-alfrescona-02.alldata.com:8445/pet/monitor:
2024-03-14 14:55:12,017 - INFO - Time elapsed for https://vmq-alfrescona-02.alldata.com:8445/pet/monitor: 1.19 seconds 

2024-03-14 14:55:12,017 - INFO - Everything is working in the https://vmq-alfrescona-02.alldata.com:8445/pet/monitor Monitor
2024-03-14 14:55:12,207 - INFO - Response from https://vmq-alfrescoeu-01.alldata.com:8446/cpp/monitor:
2024-03-14 14:55:12,208 - INFO - Time elapsed for https://vmq-alfrescoeu-01.alldata.com:8446/cpp/monitor: 1.38 seconds 

2024-03-14 14:55:12,210 - INFO - Everything is working in the https://vmq-alfrescoeu-01.alldata.com:8446/cpp/monitor Monitor
2024-03-14 14:55:13,745 - INFO - Response from https://vmq-alfrescona-02.alldata.com:8446/cpp/monitor:
2024-03-14 14:55:13,746 - INFO - Time elapsed for https://vmq-alfrescona-02.alldata.com:8446/cpp/monitor: 2.92 seconds 

2024-03-14 14:55:13,747 - WARNING - Some services are failing in the https://vmq-alfrescona-02.alldata.com:8446/cpp/monitor Monitor: Solr_Production_EG, Solr_Production_DALLAS
2024-03-14 14:55:13,748 - WARNING - Some of the monitors have services in failure status
2024-03-14 14:55:13,749 - INFO - 127.0.0.1 - - [14/Mar/2024 14:55:13] "GET /run/cpp HTTP/1.1" 200 -
2024-03-14 14:55:24,034 - INFO -  * Detected change in 'C:\\Users\\rherrera\\Desktop\\Code\\Python\\Monitors\\monitor_watcher.py', reloading
2024-03-14 14:55:27,867 - INFO - Response from http://vmq-alfrescona-02.alldata.com:8091/monitor:
2024-03-14 14:55:27,882 - INFO - Time elapsed for http://vmq-alfrescona-02.alldata.com:8091/monitor: 0.27 seconds 

2024-03-14 14:55:27,882 - INFO - Everything is working in the http://vmq-alfrescona-02.alldata.com:8091/monitor Monitor
2024-03-14 14:55:27,913 - INFO - Response from http://vmq-alfrescoeu-01.alldata.com:8091/monitor:
2024-03-14 14:55:27,913 - INFO - Time elapsed for http://vmq-alfrescoeu-01.alldata.com:8091/monitor: 0.32 seconds 

2024-03-14 14:55:27,914 - INFO - Everything is working in the http://vmq-alfrescoeu-01.alldata.com:8091/monitor Monitor
2024-03-14 14:55:28,493 - INFO - Response from https://vmq-alfrescona-02.alldata.com:8445/pet/monitor:
2024-03-14 14:55:28,494 - INFO - Time elapsed for https://vmq-alfrescona-02.alldata.com:8445/pet/monitor: 0.89 seconds 

2024-03-14 14:55:28,495 - INFO - Everything is working in the https://vmq-alfrescona-02.alldata.com:8445/pet/monitor Monitor
2024-03-14 14:55:28,695 - INFO - Response from https://vmq-alfrescoeu-01.alldata.com:8446/cpp/monitor:
2024-03-14 14:55:28,696 - INFO - Time elapsed for https://vmq-alfrescoeu-01.alldata.com:8446/cpp/monitor: 1.1 seconds 

2024-03-14 14:55:28,697 - INFO - Everything is working in the https://vmq-alfrescoeu-01.alldata.com:8446/cpp/monitor Monitor
2024-03-14 14:55:29,786 - INFO - Response from https://vmq-alfrescona-02.alldata.com:8446/cpp/monitor:
2024-03-14 14:55:29,786 - INFO - Time elapsed for https://vmq-alfrescona-02.alldata.com:8446/cpp/monitor: 2.2 seconds 

2024-03-14 14:55:29,788 - WARNING - Some services are failing in the https://vmq-alfrescona-02.alldata.com:8446/cpp/monitor Monitor: Solr_Production_EG, Solr_Production_DALLAS
2024-03-14 14:55:29,788 - WARNING - Some of the monitors have services in failure status
2024-03-14 14:55:29,789 - INFO - 127.0.0.1 - - [14/Mar/2024 14:55:29] "GET /run/cpp HTTP/1.1" 200 -
2024-03-14 14:56:20,827 - INFO -  * Detected change in 'C:\\Users\\rherrera\\Desktop\\Code\\Python\\Monitors\\monitor_watcher.py', reloading
2024-03-14 14:56:25,960 - INFO - Response from http://vmq-alfrescoeu-01.alldata.com:8091/monitor:
2024-03-14 14:56:25,988 - INFO - Response from http://vmq-alfrescona-02.alldata.com:8091/monitor:
2024-03-14 14:56:26,056 - INFO - Time elapsed for http://vmq-alfrescoeu-01.alldata.com:8091/monitor: 0.33 seconds 

2024-03-14 14:56:26,058 - INFO - Time elapsed for http://vmq-alfrescona-02.alldata.com:8091/monitor: 0.36 seconds 

2024-03-14 14:56:26,059 - INFO - Everything is working in the http://vmq-alfrescoeu-01.alldata.com:8091/monitor Monitor
2024-03-14 14:56:26,060 - INFO - Everything is working in the http://vmq-alfrescona-02.alldata.com:8091/monitor Monitor
2024-03-14 14:56:26,706 - INFO - Response from https://vmq-alfrescona-02.alldata.com:8445/pet/monitor:
2024-03-14 14:56:26,706 - INFO - Time elapsed for https://vmq-alfrescona-02.alldata.com:8445/pet/monitor: 1.08 seconds 

2024-03-14 14:56:26,709 - INFO - Everything is working in the https://vmq-alfrescona-02.alldata.com:8445/pet/monitor Monitor
2024-03-14 14:56:27,128 - INFO - Response from https://vmq-alfrescoeu-01.alldata.com:8446/cpp/monitor:
2024-03-14 14:56:27,128 - INFO - Time elapsed for https://vmq-alfrescoeu-01.alldata.com:8446/cpp/monitor: 1.5 seconds 

2024-03-14 14:56:27,129 - INFO - Everything is working in the https://vmq-alfrescoeu-01.alldata.com:8446/cpp/monitor Monitor
2024-03-14 14:56:28,439 - INFO - Response from https://vmq-alfrescona-02.alldata.com:8446/cpp/monitor:
2024-03-14 14:56:28,439 - INFO - Time elapsed for https://vmq-alfrescona-02.alldata.com:8446/cpp/monitor: 2.81 seconds 

2024-03-14 14:56:28,441 - WARNING - Some services are failing in the https://vmq-alfrescona-02.alldata.com:8446/cpp/monitor Monitor: Solr_Production_EG, Solr_Production_DALLAS
2024-03-14 14:56:28,441 - WARNING - Some of the monitors have services in failure status
2024-03-14 14:56:28,442 - INFO - 127.0.0.1 - - [14/Mar/2024 14:56:28] "GET /run/cpp HTTP/1.1" 200 -
2024-03-14 14:59:15,386 - INFO - Response from http://vmq-alfrescona-02.alldata.com:8091/monitor:
2024-03-14 14:59:15,387 - INFO - Response from http://vmq-alfrescoeu-01.alldata.com:8091/monitor:
2024-03-14 14:59:15,387 - INFO - Time elapsed for http://vmq-alfrescona-02.alldata.com:8091/monitor: 0.34 seconds 

2024-03-14 14:59:15,387 - INFO - Time elapsed for http://vmq-alfrescoeu-01.alldata.com:8091/monitor: 0.34 seconds 

2024-03-14 14:59:15,388 - INFO - Everything is working in the http://vmq-alfrescona-02.alldata.com:8091/monitor Monitor
2024-03-14 14:59:15,388 - INFO - Everything is working in the http://vmq-alfrescoeu-01.alldata.com:8091/monitor Monitor
2024-03-14 14:59:16,063 - INFO - Response from https://vmq-alfrescona-02.alldata.com:8445/pet/monitor:
2024-03-14 14:59:16,063 - INFO - Time elapsed for https://vmq-alfrescona-02.alldata.com:8445/pet/monitor: 1.01 seconds 

2024-03-14 14:59:16,065 - INFO - Everything is working in the https://vmq-alfrescona-02.alldata.com:8445/pet/monitor Monitor
2024-03-14 14:59:16,204 - INFO - Response from https://vmq-alfrescoeu-01.alldata.com:8446/cpp/monitor:
2024-03-14 14:59:16,204 - INFO - Time elapsed for https://vmq-alfrescoeu-01.alldata.com:8446/cpp/monitor: 1.16 seconds 

2024-03-14 14:59:16,206 - INFO - Everything is working in the https://vmq-alfrescoeu-01.alldata.com:8446/cpp/monitor Monitor
2024-03-14 14:59:17,261 - INFO - Response from https://vmq-alfrescona-02.alldata.com:8446/cpp/monitor:
2024-03-14 14:59:17,261 - INFO - Time elapsed for https://vmq-alfrescona-02.alldata.com:8446/cpp/monitor: 2.21 seconds 

2024-03-14 14:59:17,264 - WARNING - Some services are failing in the https://vmq-alfrescona-02.alldata.com:8446/cpp/monitor Monitor: Solr_Production_EG, Solr_Production_DALLAS
2024-03-14 14:59:17,265 - WARNING - Some of the monitors have services in failure status
2024-03-14 14:59:17,267 - INFO - 127.0.0.1 - - [14/Mar/2024 14:59:17] "GET /run/cppnaqa HTTP/1.1" 200 -
2024-03-14 14:59:54,754 - INFO -  * Detected change in 'C:\\Users\\rherrera\\Desktop\\Code\\Python\\Monitors\\monitor_watcher.py', reloading
2024-03-14 15:00:04,329 - INFO - Response from http://vmq-alfrescoeu-01.alldata.com:8091/monitor:
2024-03-14 15:00:04,329 - INFO - Response from http://vmq-alfrescona-02.alldata.com:8091/monitor:
2024-03-14 15:00:04,330 - INFO - Time elapsed for http://vmq-alfrescoeu-01.alldata.com:8091/monitor: 0.34 seconds 

2024-03-14 15:00:04,330 - INFO - Everything is working in the http://vmq-alfrescoeu-01.alldata.com:8091/monitor Monitor
2024-03-14 15:00:04,331 - INFO - Time elapsed for http://vmq-alfrescona-02.alldata.com:8091/monitor: 0.34 seconds 

2024-03-14 15:00:04,331 - INFO - Everything is working in the http://vmq-alfrescona-02.alldata.com:8091/monitor Monitor
2024-03-14 15:00:04,980 - INFO - Response from https://vmq-alfrescona-02.alldata.com:8445/pet/monitor:
2024-03-14 15:00:04,980 - INFO - Time elapsed for https://vmq-alfrescona-02.alldata.com:8445/pet/monitor: 0.98 seconds 

2024-03-14 15:00:04,982 - INFO - Everything is working in the https://vmq-alfrescona-02.alldata.com:8445/pet/monitor Monitor
2024-03-14 15:00:05,260 - INFO - Response from https://vmq-alfrescoeu-01.alldata.com:8446/cpp/monitor:
2024-03-14 15:00:05,261 - INFO - Time elapsed for https://vmq-alfrescoeu-01.alldata.com:8446/cpp/monitor: 1.27 seconds 

2024-03-14 15:00:05,263 - INFO - Everything is working in the https://vmq-alfrescoeu-01.alldata.com:8446/cpp/monitor Monitor
2024-03-14 15:00:06,701 - INFO - Response from https://vmq-alfrescona-02.alldata.com:8446/cpp/monitor:
2024-03-14 15:00:06,701 - INFO - Time elapsed for https://vmq-alfrescona-02.alldata.com:8446/cpp/monitor: 2.71 seconds 

2024-03-14 15:00:06,704 - WARNING - Some services are failing in the https://vmq-alfrescona-02.alldata.com:8446/cpp/monitor Monitor: Solr_Production_EG, Solr_Production_DALLAS
2024-03-14 15:00:06,704 - WARNING - Some of the monitors have services in failure status
2024-03-14 15:00:06,706 - INFO - 127.0.0.1 - - [14/Mar/2024 15:00:06] "GET /run/cppnaqa HTTP/1.1" 200 -
2024-03-14 15:02:36,922 - INFO -  * Detected change in 'C:\\Users\\rherrera\\Desktop\\Code\\Python\\Monitors\\monitor_watcher.py', reloading
2024-03-14 15:02:43,832 - INFO - 127.0.0.1 - - [14/Mar/2024 15:02:43] "[35m[1mGET /run/cppnaqa HTTP/1.1[0m" 500 -
2024-03-14 15:03:29,266 - INFO -  * Detected change in 'C:\\Users\\rherrera\\Desktop\\Code\\Python\\Monitors\\monitor_watcher.py', reloading
2024-03-14 15:04:33,280 - INFO - 127.0.0.1 - - [14/Mar/2024 15:04:33] "[35m[1mGET /run/cppnaqa HTTP/1.1[0m" 500 -
2024-03-14 15:05:09,503 - INFO -  * Detected change in 'C:\\Users\\rherrera\\Desktop\\Code\\Python\\Monitors\\monitor_watcher.py', reloading
2024-03-14 15:06:11,218 - INFO - Response from https://vmq-alfrescona-02.alldata.com:8446/cpp/monitor:
2024-03-14 15:06:11,219 - INFO - Time elapsed for https://vmq-alfrescona-02.alldata.com:8446/cpp/monitor: 2.28 seconds 

2024-03-14 15:06:11,220 - WARNING - Some services are failing in the https://vmq-alfrescona-02.alldata.com:8446/cpp/monitor Monitor: Solr_Production_EG, Solr_Production_DALLAS
2024-03-14 15:06:11,220 - WARNING - Some of the monitors have services in failure status
2024-03-14 15:06:11,221 - INFO - 127.0.0.1 - - [14/Mar/2024 15:06:11] "GET /run/cppnaqa HTTP/1.1" 200 -
2024-03-14 15:07:55,983 - INFO - Response from https://vmq-alfrescona-02.alldata.com:8445/pet/monitor:
2024-03-14 15:07:55,984 - INFO - Time elapsed for https://vmq-alfrescona-02.alldata.com:8445/pet/monitor: 0.92 seconds 

2024-03-14 15:07:55,986 - INFO - Everything is working in the https://vmq-alfrescona-02.alldata.com:8445/pet/monitor Monitor
2024-03-14 15:07:55,986 - INFO - All the services of all the monitors are working correctly
2024-03-14 15:07:55,988 - INFO - 127.0.0.1 - - [14/Mar/2024 15:07:55] "GET /run/petqa HTTP/1.1" 200 -
2024-03-14 15:08:05,640 - INFO - 127.0.0.1 - - [14/Mar/2024 15:08:05] "[33mGET /run HTTP/1.1[0m" 404 -
2024-03-14 15:08:38,797 - INFO -  * Detected change in 'C:\\Users\\rherrera\\Desktop\\Code\\Python\\Monitors\\monitor_watcher.py', reloading
2024-03-14 15:10:21,567 - INFO - 127.0.0.1 - - [14/Mar/2024 15:10:21] "[35m[1mGET /run HTTP/1.1[0m" 500 -
2024-03-14 15:11:46,476 - INFO -  * Detected change in 'C:\\Users\\rherrera\\Desktop\\Code\\Python\\Monitors\\monitor_watcher.py', reloading
2024-03-14 15:11:51,423 - INFO - 127.0.0.1 - - [14/Mar/2024 15:11:51] "[35m[1mGET /run HTTP/1.1[0m" 500 -
2024-03-14 15:12:16,119 - INFO -  * Detected change in 'C:\\Users\\rherrera\\Desktop\\Code\\Python\\Monitors\\monitor_watcher.py', reloading
2024-03-14 15:12:18,772 - INFO - Response from http://vmq-alfrescona-02.alldata.com:8091/monitor:
2024-03-14 15:12:18,772 - INFO - Time elapsed for http://vmq-alfrescona-02.alldata.com:8091/monitor: 0.27 seconds 

2024-03-14 15:12:18,773 - INFO - Everything is working in the http://vmq-alfrescona-02.alldata.com:8091/monitor Monitor
2024-03-14 15:12:18,777 - INFO - Response from http://vmq-alfrescoeu-01.alldata.com:8091/monitor:
2024-03-14 15:12:18,778 - INFO - Time elapsed for http://vmq-alfrescoeu-01.alldata.com:8091/monitor: 0.27 seconds 

2024-03-14 15:12:18,778 - INFO - Everything is working in the http://vmq-alfrescoeu-01.alldata.com:8091/monitor Monitor
2024-03-14 15:12:19,355 - INFO - Response from https://vmq-alfrescona-02.alldata.com:8445/pet/monitor:
2024-03-14 15:12:19,356 - INFO - Time elapsed for https://vmq-alfrescona-02.alldata.com:8445/pet/monitor: 0.85 seconds 

2024-03-14 15:12:19,356 - INFO - Everything is working in the https://vmq-alfrescona-02.alldata.com:8445/pet/monitor Monitor
2024-03-14 15:12:19,650 - INFO - Response from https://vmq-alfrescoeu-01.alldata.com:8446/cpp/monitor:
2024-03-14 15:12:19,651 - INFO - Time elapsed for https://vmq-alfrescoeu-01.alldata.com:8446/cpp/monitor: 1.15 seconds 

2024-03-14 15:12:19,651 - INFO - Everything is working in the https://vmq-alfrescoeu-01.alldata.com:8446/cpp/monitor Monitor
2024-03-14 15:12:21,232 - INFO - Response from https://vmq-alfrescona-02.alldata.com:8446/cpp/monitor:
2024-03-14 15:12:21,233 - INFO - Time elapsed for https://vmq-alfrescona-02.alldata.com:8446/cpp/monitor: 2.73 seconds 

2024-03-14 15:12:21,234 - WARNING - Some services are failing in the https://vmq-alfrescona-02.alldata.com:8446/cpp/monitor Monitor: Solr_Production_EG, Solr_Production_DALLAS
2024-03-14 15:12:21,234 - WARNING - Some of the monitors have services in failure status
2024-03-14 15:12:21,235 - INFO - 127.0.0.1 - - [14/Mar/2024 15:12:21] "GET /run HTTP/1.1" 200 -
2024-03-14 15:12:28,768 - INFO - Response from https://vmq-alfrescona-02.alldata.com:8445/pet/monitor:
2024-03-14 15:12:28,768 - INFO - Time elapsed for https://vmq-alfrescona-02.alldata.com:8445/pet/monitor: 0.79 seconds 

2024-03-14 15:12:28,770 - INFO - Everything is working in the https://vmq-alfrescona-02.alldata.com:8445/pet/monitor Monitor
2024-03-14 15:12:28,770 - INFO - All the services of all the monitors are working correctly
2024-03-14 15:12:28,771 - INFO - 127.0.0.1 - - [14/Mar/2024 15:12:28] "GET /run/petq HTTP/1.1" 200 -
2024-03-14 15:12:37,404 - INFO - Response from https://vmq-alfrescona-02.alldata.com:8445/pet/monitor:
2024-03-14 15:12:37,404 - INFO - Time elapsed for https://vmq-alfrescona-02.alldata.com:8445/pet/monitor: 0.75 seconds 

2024-03-14 15:12:37,405 - INFO - Everything is working in the https://vmq-alfrescona-02.alldata.com:8445/pet/monitor Monitor
2024-03-14 15:12:37,405 - INFO - All the services of all the monitors are working correctly
2024-03-14 15:12:37,407 - INFO - 127.0.0.1 - - [14/Mar/2024 15:12:37] "GET /run/petqa HTTP/1.1" 200 -
2024-03-14 15:12:50,251 - INFO - Response from https://vmq-alfrescona-02.alldata.com:8446/cpp/monitor:
2024-03-14 15:12:50,251 - INFO - Time elapsed for https://vmq-alfrescona-02.alldata.com:8446/cpp/monitor: 2.61 seconds 

2024-03-14 15:12:50,252 - WARNING - Some services are failing in the https://vmq-alfrescona-02.alldata.com:8446/cpp/monitor Monitor: Solr_Production_EG, Solr_Production_DALLAS
2024-03-14 15:12:50,252 - WARNING - Some of the monitors have services in failure status
2024-03-14 15:12:50,253 - INFO - 127.0.0.1 - - [14/Mar/2024 15:12:50] "GET /run/cppnaqa HTTP/1.1" 200 -
2024-03-14 15:12:59,055 - INFO -  * Detected change in 'C:\\Users\\rherrera\\Desktop\\Code\\Python\\Monitors\\monitor_watcher.py', reloading
2024-03-14 16:45:35,361 - INFO - Response from http://vmq-alfrescona-02.alldata.com:8091/monitor:
2024-03-14 16:45:35,362 - INFO - Response from http://vmq-alfrescoeu-01.alldata.com:8091/monitor:
2024-03-14 16:45:35,363 - INFO - Time elapsed for http://vmq-alfrescona-02.alldata.com:8091/monitor: 0.34 seconds 

2024-03-14 16:45:35,364 - INFO - Time elapsed for http://vmq-alfrescoeu-01.alldata.com:8091/monitor: 0.35 seconds 

2024-03-14 16:45:35,364 - INFO - Everything is working in the http://vmq-alfrescona-02.alldata.com:8091/monitor Monitor
2024-03-14 16:45:35,365 - INFO - Everything is working in the http://vmq-alfrescoeu-01.alldata.com:8091/monitor Monitor
2024-03-14 16:45:36,051 - INFO - Response from https://vmq-alfrescona-02.alldata.com:8445/pet/monitor:
2024-03-14 16:45:36,052 - INFO - Time elapsed for https://vmq-alfrescona-02.alldata.com:8445/pet/monitor: 1.03 seconds 

2024-03-14 16:45:36,053 - INFO - Everything is working in the https://vmq-alfrescona-02.alldata.com:8445/pet/monitor Monitor
2024-03-14 16:45:36,144 - INFO - Response from https://vmq-alfrescoeu-01.alldata.com:8446/cpp/monitor:
2024-03-14 16:45:36,145 - INFO - Time elapsed for https://vmq-alfrescoeu-01.alldata.com:8446/cpp/monitor: 1.13 seconds 

2024-03-14 16:45:36,145 - INFO - Everything is working in the https://vmq-alfrescoeu-01.alldata.com:8446/cpp/monitor Monitor
2024-03-14 16:45:37,654 - INFO - Response from https://vmq-alfrescona-02.alldata.com:8446/cpp/monitor:
2024-03-14 16:45:37,654 - INFO - Time elapsed for https://vmq-alfrescona-02.alldata.com:8446/cpp/monitor: 2.64 seconds 

2024-03-14 16:45:37,656 - WARNING - Some services are failing in the https://vmq-alfrescona-02.alldata.com:8446/cpp/monitor Monitor: Solr_Production_EG, Solr_Production_DALLAS
2024-03-14 16:45:37,656 - WARNING - Some of the monitors have services in failure status
2024-03-14 16:45:37,657 - INFO - 127.0.0.1 - - [14/Mar/2024 16:45:37] "GET /run HTTP/1.1" 200 -
2024-03-14 17:14:27,907 - INFO - Response from http://vmq-alfrescona-02.alldata.com:8091/monitor:
2024-03-14 17:14:27,907 - INFO - Response from http://vmq-alfrescoeu-01.alldata.com:8091/monitor:
2024-03-14 17:14:27,908 - INFO - Time elapsed for http://vmq-alfrescona-02.alldata.com:8091/monitor: 0.3 seconds 

2024-03-14 17:14:27,908 - INFO - Time elapsed for http://vmq-alfrescoeu-01.alldata.com:8091/monitor: 0.3 seconds 

2024-03-14 17:14:27,908 - INFO - Everything is working in the http://vmq-alfrescona-02.alldata.com:8091/monitor Monitor
2024-03-14 17:14:27,909 - INFO - Everything is working in the http://vmq-alfrescoeu-01.alldata.com:8091/monitor Monitor
2024-03-14 17:14:28,570 - INFO - Response from https://vmq-alfrescona-02.alldata.com:8445/pet/monitor:
2024-03-14 17:14:28,571 - INFO - Time elapsed for https://vmq-alfrescona-02.alldata.com:8445/pet/monitor: 0.96 seconds 

2024-03-14 17:14:28,572 - INFO - Everything is working in the https://vmq-alfrescona-02.alldata.com:8445/pet/monitor Monitor
2024-03-14 17:14:28,694 - INFO - Response from https://vmq-alfrescoeu-01.alldata.com:8446/cpp/monitor:
2024-03-14 17:14:28,694 - INFO - Time elapsed for https://vmq-alfrescoeu-01.alldata.com:8446/cpp/monitor: 1.08 seconds 

2024-03-14 17:14:28,695 - INFO - Everything is working in the https://vmq-alfrescoeu-01.alldata.com:8446/cpp/monitor Monitor
2024-03-14 17:14:29,867 - INFO - Response from https://vmq-alfrescona-02.alldata.com:8446/cpp/monitor:
2024-03-14 17:14:29,867 - INFO - Time elapsed for https://vmq-alfrescona-02.alldata.com:8446/cpp/monitor: 2.26 seconds 

2024-03-14 17:14:29,868 - WARNING - Some services are failing in the https://vmq-alfrescona-02.alldata.com:8446/cpp/monitor Monitor: Solr_Production_EG, Solr_Production_DALLAS
2024-03-14 17:14:29,868 - WARNING - Some of the monitors have services in failure status
2024-03-14 17:14:29,869 - INFO - 127.0.0.1 - - [14/Mar/2024 17:14:29] "GET /run HTTP/1.1" 200 -
2024-03-14 17:14:43,924 - INFO - Response from https://vmq-alfrescona-02.alldata.com:8445/pet/monitor:
2024-03-14 17:14:43,925 - INFO - Time elapsed for https://vmq-alfrescona-02.alldata.com:8445/pet/monitor: 0.82 seconds 

2024-03-14 17:14:43,926 - INFO - Everything is working in the https://vmq-alfrescona-02.alldata.com:8445/pet/monitor Monitor
2024-03-14 17:14:43,926 - INFO - All the services of all the monitors are working correctly
2024-03-14 17:14:43,927 - INFO - 127.0.0.1 - - [14/Mar/2024 17:14:43] "GET /run/petqa HTTP/1.1" 200 -
2024-03-14 17:16:43,653 - INFO - Response from http://vmq-alfrescona-02.alldata.com:8091/monitor:
2024-03-14 17:16:43,654 - INFO - Time elapsed for http://vmq-alfrescona-02.alldata.com:8091/monitor: 0.25 seconds 

2024-03-14 17:16:43,654 - INFO - Everything is working in the http://vmq-alfrescona-02.alldata.com:8091/monitor Monitor
2024-03-14 17:16:43,660 - INFO - Response from http://vmq-alfrescoeu-01.alldata.com:8091/monitor:
2024-03-14 17:16:43,660 - INFO - Time elapsed for http://vmq-alfrescoeu-01.alldata.com:8091/monitor: 0.26 seconds 

2024-03-14 17:16:43,661 - INFO - Everything is working in the http://vmq-alfrescoeu-01.alldata.com:8091/monitor Monitor
2024-03-14 17:16:44,311 - INFO - Response from https://vmq-alfrescona-02.alldata.com:8445/pet/monitor:
2024-03-14 17:16:44,311 - INFO - Time elapsed for https://vmq-alfrescona-02.alldata.com:8445/pet/monitor: 0.91 seconds 

2024-03-14 17:16:44,312 - INFO - Everything is working in the https://vmq-alfrescona-02.alldata.com:8445/pet/monitor Monitor
2024-03-14 17:16:44,537 - INFO - Response from https://vmq-alfrescoeu-01.alldata.com:8446/cpp/monitor:
2024-03-14 17:16:44,537 - INFO - Time elapsed for https://vmq-alfrescoeu-01.alldata.com:8446/cpp/monitor: 1.14 seconds 

2024-03-14 17:16:44,538 - INFO - Everything is working in the https://vmq-alfrescoeu-01.alldata.com:8446/cpp/monitor Monitor
2024-03-14 17:16:45,784 - INFO - Response from https://vmq-alfrescona-02.alldata.com:8446/cpp/monitor:
2024-03-14 17:16:45,785 - INFO - Time elapsed for https://vmq-alfrescona-02.alldata.com:8446/cpp/monitor: 2.38 seconds 

2024-03-14 17:16:45,786 - WARNING - Some services are failing in the https://vmq-alfrescona-02.alldata.com:8446/cpp/monitor Monitor: Solr_Production_EG, Solr_Production_DALLAS
2024-03-14 17:16:45,786 - WARNING - Some of the monitors have services in failure status
2024-03-14 17:16:45,786 - INFO - 127.0.0.1 - - [14/Mar/2024 17:16:45] "GET /run/asdfasdf HTTP/1.1" 200 -
2024-03-14 17:16:54,775 - INFO - Response from https://vmq-alfrescona-02.alldata.com:8446/cpp/monitor:
2024-03-14 17:16:54,775 - INFO - Time elapsed for https://vmq-alfrescona-02.alldata.com:8446/cpp/monitor: 2.15 seconds 

2024-03-14 17:16:54,776 - WARNING - Some services are failing in the https://vmq-alfrescona-02.alldata.com:8446/cpp/monitor Monitor: Solr_Production_EG, Solr_Production_DALLAS
2024-03-14 17:16:54,776 - WARNING - Some of the monitors have services in failure status
2024-03-14 17:16:54,777 - INFO - 127.0.0.1 - - [14/Mar/2024 17:16:54] "GET /run/cppnaqa HTTP/1.1" 200 -
